  OpenCVAppGUIDlg.cpp
D:\23 자율형 공유폴더\C++_ComputerVision_MachineLearning_Project\sample_opencv_platform\thirdparty\opencv_470\build\include\opencv2\core.hpp(1747,1): warning C4819: 현재 코드 페이지(949)에서 표시할 수 없는 문자가 파일에 들어 있습니다. 데이터가 손실되지 않게 하려면 해당 파일을 유니코드 형식으로 저장하십시오.
D:\23 자율형 공유폴더\C++_ComputerVision_MachineLearning_Project\sample_opencv_platform\thirdparty\opencv_470\build\include\opencv2\core.hpp(1747,1): warning C4819: 현재 코드 페이지(949)에서 표시할 수 없는 문자가 파일에 들어 있습니다. 데이터가 손실되지 않게 하려면 해당 파일을 유니코드 형식으로 저장하십시오.
D:\23 자율형 공유폴더\C++_ComputerVision_MachineLearning_Project\sample_opencv_platform\thirdparty\opencv_470\build\include\opencv2\core.hpp(1747,1): warning C4819: 현재 코드 페이지(949)에서 표시할 수 없는 문자가 파일에 들어 있습니다. 데이터가 손실되지 않게 하려면 해당 파일을 유니코드 형식으로 저장하십시오.
D:\23 자율형 공유폴더\C++_ComputerVision_MachineLearning_Project\sample_opencv_platform\thirdparty\opencv_470\build\include\opencv2\objdetect\aruco_board.hpp(1,1): warning C4819: 현재 코드 페이지(949)에서 표시할 수 없는 문자가 파일에 들어 있습니다. 데이터가 손실되지 않게 하려면 해당 파일을 유니코드 형식으로 저장하십시오.
D:\23 자율형 공유폴더\C++_ComputerVision_MachineLearning_Project\sample_opencv_platform\OpenCVAppGUI\OpenCVAppGUI\OpenCVAppGUIDlg.cpp(639,52): warning C4267: '인수': 'size_t'에서 '_Tp'(으)로 변환하면서 데이터가 손실될 수 있습니다.
          with
          [
              _Tp=int
          ]
D:\23 자율형 공유폴더\C++_ComputerVision_MachineLearning_Project\sample_opencv_platform\OpenCVAppGUI\OpenCVAppGUI\OpenCVAppGUIDlg.cpp(646,53): warning C4267: '인수': 'size_t'에서 '_Tp'(으)로 변환하면서 데이터가 손실될 수 있습니다.
          with
          [
              _Tp=int
          ]
D:\23 자율형 공유폴더\C++_ComputerVision_MachineLearning_Project\sample_opencv_platform\OpenCVAppGUI\OpenCVAppGUI\OpenCVAppGUIDlg.cpp(655,51): warning C4267: '인수': 'size_t'에서 '_Tp'(으)로 변환하면서 데이터가 손실될 수 있습니다.
          with
          [
              _Tp=int
          ]
D:\23 자율형 공유폴더\C++_ComputerVision_MachineLearning_Project\sample_opencv_platform\OpenCVAppGUI\OpenCVAppGUI\OpenCVAppGUIDlg.cpp(662,51): warning C4267: '인수': 'size_t'에서 '_Tp'(으)로 변환하면서 데이터가 손실될 수 있습니다.
          with
          [
              _Tp=int
          ]
D:\23 자율형 공유폴더\C++_ComputerVision_MachineLearning_Project\sample_opencv_platform\OpenCVAppGUI\OpenCVAppGUI\OpenCVAppGUIDlg.cpp(820,20): warning C4267: '=': 'size_t'에서 'int'(으)로 변환하면서 데이터가 손실될 수 있습니다.
D:\23 자율형 공유폴더\C++_ComputerVision_MachineLearning_Project\sample_opencv_platform\OpenCVAppGUI\OpenCVAppGUI\OpenCVAppGUIDlg.cpp(825,23): warning C4267: '=': 'size_t'에서 'int'(으)로 변환하면서 데이터가 손실될 수 있습니다.
D:\23 자율형 공유폴더\C++_ComputerVision_MachineLearning_Project\sample_opencv_platform\OpenCVAppGUI\OpenCVAppGUI\OpenCVAppGUIDlg.cpp(830,22): warning C4267: '=': 'size_t'에서 'int'(으)로 변환하면서 데이터가 손실될 수 있습니다.
D:\23 자율형 공유폴더\C++_ComputerVision_MachineLearning_Project\sample_opencv_platform\OpenCVAppGUI\OpenCVAppGUI\OpenCVAppGUIDlg.cpp(917,31): warning C4267: '인수': 'size_t'에서 '_Ty'(으)로 변환하면서 데이터가 손실될 수 있습니다.
          with
          [
              _Ty=int
          ]
D:\23 자율형 공유폴더\C++_ComputerVision_MachineLearning_Project\sample_opencv_platform\OpenCVAppGUI\OpenCVAppGUI\OpenCVAppGUIDlg.cpp(922,32): warning C4267: '인수': 'size_t'에서 '_Ty'(으)로 변환하면서 데이터가 손실될 수 있습니다.
          with
          [
              _Ty=int
          ]
D:\23 자율형 공유폴더\C++_ComputerVision_MachineLearning_Project\sample_opencv_platform\OpenCVAppGUI\OpenCVAppGUI\OpenCVAppGUIDlg.cpp(927,29): warning C4267: '인수': 'size_t'에서 '_Ty'(으)로 변환하면서 데이터가 손실될 수 있습니다.
          with
          [
              _Ty=int
          ]
D:\23 자율형 공유폴더\C++_ComputerVision_MachineLearning_Project\sample_opencv_platform\OpenCVAppGUI\OpenCVAppGUI\OpenCVAppGUIDlg.cpp(1087,40): warning C4267: '초기화 중': 'size_t'에서 'int'(으)로 변환하면서 데이터가 손실될 수 있습니다.
D:\23 자율형 공유폴더\C++_ComputerVision_MachineLearning_Project\sample_opencv_platform\OpenCVAppGUI\OpenCVAppGUI\OpenCVAppGUIDlg.cpp(1093,35): warning C4267: '인수': 'size_t'에서 '_Tp'(으)로 변환하면서 데이터가 손실될 수 있습니다.
          with
          [
              _Tp=int
          ]
D:\23 자율형 공유폴더\C++_ComputerVision_MachineLearning_Project\sample_opencv_platform\OpenCVAppGUI\OpenCVAppGUI\OpenCVAppGUIDlg.cpp(1097,34): warning C4267: '인수': 'size_t'에서 '_Tp'(으)로 변환하면서 데이터가 손실될 수 있습니다.
          with
          [
              _Tp=int
          ]
D:\23 자율형 공유폴더\C++_ComputerVision_MachineLearning_Project\sample_opencv_platform\OpenCVAppGUI\OpenCVAppGUI\OpenCVAppGUIDlg.cpp(1432,28): warning C4244: '=': 'float'에서 'int'(으)로 변환하면서 데이터가 손실될 수 있습니다.
D:\23 자율형 공유폴더\C++_ComputerVision_MachineLearning_Project\sample_opencv_platform\OpenCVAppGUI\OpenCVAppGUI\OpenCVAppGUIDlg.cpp(1450,113): warning C4267: '인수': 'size_t'에서 '_Tp'(으)로 변환하면서 데이터가 손실될 수 있습니다.
          with
          [
              _Tp=int
          ]
D:\23 자율형 공유폴더\C++_ComputerVision_MachineLearning_Project\sample_opencv_platform\OpenCVAppGUI\OpenCVAppGUI\OpenCVAppGUIDlg.cpp(1460,42): warning C4267: '인수': 'size_t'에서 '_Tp'(으)로 변환하면서 데이터가 손실될 수 있습니다.
          with
          [
              _Tp=int
          ]
D:\23 자율형 공유폴더\C++_ComputerVision_MachineLearning_Project\sample_opencv_platform\OpenCVAppGUI\OpenCVAppGUI\OpenCVAppGUIDlg.cpp(1461,60): warning C4267: '인수': 'size_t'에서 '_Tp'(으)로 변환하면서 데이터가 손실될 수 있습니다.
          with
          [
              _Tp=int
          ]
D:\23 자율형 공유폴더\C++_ComputerVision_MachineLearning_Project\sample_opencv_platform\OpenCVAppGUI\OpenCVAppGUI\OpenCVAppGUIDlg.cpp(1471,41): warning C4267: '인수': 'size_t'에서 '_Tp'(으)로 변환하면서 데이터가 손실될 수 있습니다.
          with
          [
              _Tp=int
          ]
D:\23 자율형 공유폴더\C++_ComputerVision_MachineLearning_Project\sample_opencv_platform\OpenCVAppGUI\OpenCVAppGUI\OpenCVAppGUIDlg.cpp(1472,41): warning C4267: '인수': 'size_t'에서 '_Tp'(으)로 변환하면서 데이터가 손실될 수 있습니다.
          with
          [
              _Tp=int
          ]
D:\23 자율형 공유폴더\C++_ComputerVision_MachineLearning_Project\sample_opencv_platform\OpenCVAppGUI\OpenCVAppGUI\OpenCVAppGUIDlg.cpp(1477,18): warning C4244: '초기화 중': 'double'에서 'int'(으)로 변환하면서 데이터가 손실될 수 있습니다.
D:\23 자율형 공유폴더\C++_ComputerVision_MachineLearning_Project\sample_opencv_platform\OpenCVAppGUI\OpenCVAppGUI\OpenCVAppGUIDlg.cpp(1478,18): warning C4244: '초기화 중': 'double'에서 'int'(으)로 변환하면서 데이터가 손실될 수 있습니다.
D:\23 자율형 공유폴더\C++_ComputerVision_MachineLearning_Project\sample_opencv_platform\OpenCVAppGUI\OpenCVAppGUI\OpenCVAppGUIDlg.cpp(1479,50): warning C4267: '인수': 'size_t'에서 '_Tp'(으)로 변환하면서 데이터가 손실될 수 있습니다.
          with
          [
              _Tp=int
          ]
D:\23 자율형 공유폴더\C++_ComputerVision_MachineLearning_Project\sample_opencv_platform\OpenCVAppGUI\OpenCVAppGUI\OpenCVAppGUIDlg.cpp(1480,50): warning C4267: '인수': 'size_t'에서 '_Tp'(으)로 변환하면서 데이터가 손실될 수 있습니다.
          with
          [
              _Tp=int
          ]
D:\23 자율형 공유폴더\C++_ComputerVision_MachineLearning_Project\sample_opencv_platform\OpenCVAppGUI\OpenCVAppGUI\OpenCVAppGUIDlg.cpp(1513,28): warning C4244: '=': 'float'에서 'int'(으)로 변환하면서 데이터가 손실될 수 있습니다.
D:\23 자율형 공유폴더\C++_ComputerVision_MachineLearning_Project\sample_opencv_platform\OpenCVAppGUI\OpenCVAppGUI\OpenCVAppGUIDlg.cpp(1529,113): warning C4267: '인수': 'size_t'에서 '_Tp'(으)로 변환하면서 데이터가 손실될 수 있습니다.
          with
          [
              _Tp=int
          ]
D:\23 자율형 공유폴더\C++_ComputerVision_MachineLearning_Project\sample_opencv_platform\OpenCVAppGUI\OpenCVAppGUI\OpenCVAppGUIDlg.cpp(1539,42): warning C4267: '인수': 'size_t'에서 '_Tp'(으)로 변환하면서 데이터가 손실될 수 있습니다.
          with
          [
              _Tp=int
          ]
D:\23 자율형 공유폴더\C++_ComputerVision_MachineLearning_Project\sample_opencv_platform\OpenCVAppGUI\OpenCVAppGUI\OpenCVAppGUIDlg.cpp(1540,60): warning C4267: '인수': 'size_t'에서 '_Tp'(으)로 변환하면서 데이터가 손실될 수 있습니다.
          with
          [
              _Tp=int
          ]
D:\23 자율형 공유폴더\C++_ComputerVision_MachineLearning_Project\sample_opencv_platform\OpenCVAppGUI\OpenCVAppGUI\OpenCVAppGUIDlg.cpp(1550,41): warning C4267: '인수': 'size_t'에서 '_Tp'(으)로 변환하면서 데이터가 손실될 수 있습니다.
          with
          [
              _Tp=int
          ]
D:\23 자율형 공유폴더\C++_ComputerVision_MachineLearning_Project\sample_opencv_platform\OpenCVAppGUI\OpenCVAppGUI\OpenCVAppGUIDlg.cpp(1551,41): warning C4267: '인수': 'size_t'에서 '_Tp'(으)로 변환하면서 데이터가 손실될 수 있습니다.
          with
          [
              _Tp=int
          ]
D:\23 자율형 공유폴더\C++_ComputerVision_MachineLearning_Project\sample_opencv_platform\OpenCVAppGUI\OpenCVAppGUI\OpenCVAppGUIDlg.cpp(1556,18): warning C4244: '초기화 중': 'double'에서 'int'(으)로 변환하면서 데이터가 손실될 수 있습니다.
D:\23 자율형 공유폴더\C++_ComputerVision_MachineLearning_Project\sample_opencv_platform\OpenCVAppGUI\OpenCVAppGUI\OpenCVAppGUIDlg.cpp(1557,18): warning C4244: '초기화 중': 'double'에서 'int'(으)로 변환하면서 데이터가 손실될 수 있습니다.
D:\23 자율형 공유폴더\C++_ComputerVision_MachineLearning_Project\sample_opencv_platform\OpenCVAppGUI\OpenCVAppGUI\OpenCVAppGUIDlg.cpp(1558,50): warning C4267: '인수': 'size_t'에서 '_Tp'(으)로 변환하면서 데이터가 손실될 수 있습니다.
          with
          [
              _Tp=int
          ]
D:\23 자율형 공유폴더\C++_ComputerVision_MachineLearning_Project\sample_opencv_platform\OpenCVAppGUI\OpenCVAppGUI\OpenCVAppGUIDlg.cpp(1559,50): warning C4267: '인수': 'size_t'에서 '_Tp'(으)로 변환하면서 데이터가 손실될 수 있습니다.
          with
          [
              _Tp=int
          ]
D:\23 자율형 공유폴더\C++_ComputerVision_MachineLearning_Project\sample_opencv_platform\OpenCVAppGUI\OpenCVAppGUI\OpenCVAppGUIDlg.cpp(1696,39): warning C4244: '=': 'double'에서 'int'(으)로 변환하면서 데이터가 손실될 수 있습니다.
D:\23 자율형 공유폴더\C++_ComputerVision_MachineLearning_Project\sample_opencv_platform\OpenCVAppGUI\OpenCVAppGUI\OpenCVAppGUIDlg.cpp(1783,34): warning C4267: '초기화 중': 'size_t'에서 'int'(으)로 변환하면서 데이터가 손실될 수 있습니다.
D:\23 자율형 공유폴더\C++_ComputerVision_MachineLearning_Project\sample_opencv_platform\OpenCVAppGUI\OpenCVAppGUI\OpenCVAppGUIDlg.cpp(1788,30): warning C4267: '인수': 'size_t'에서 '_Tp'(으)로 변환하면서 데이터가 손실될 수 있습니다.
          with
          [
              _Tp=int
          ]
D:\23 자율형 공유폴더\C++_ComputerVision_MachineLearning_Project\sample_opencv_platform\OpenCVAppGUI\OpenCVAppGUI\OpenCVAppGUIDlg.cpp(1911,71): warning C4267: '초기화 중': 'size_t'에서 'int'(으)로 변환하면서 데이터가 손실될 수 있습니다.
D:\23 자율형 공유폴더\C++_ComputerVision_MachineLearning_Project\sample_opencv_platform\OpenCVAppGUI\OpenCVAppGUI\OpenCVAppGUIDlg.cpp(1912,54): warning C4267: '초기화 중': 'size_t'에서 'int'(으)로 변환하면서 데이터가 손실될 수 있습니다.
D:\23 자율형 공유폴더\C++_ComputerVision_MachineLearning_Project\sample_opencv_platform\OpenCVAppGUI\OpenCVAppGUI\OpenCVAppGUIDlg.cpp(1929,71): warning C4267: '초기화 중': 'size_t'에서 'int'(으)로 변환하면서 데이터가 손실될 수 있습니다.
D:\23 자율형 공유폴더\C++_ComputerVision_MachineLearning_Project\sample_opencv_platform\OpenCVAppGUI\OpenCVAppGUI\OpenCVAppGUIDlg.cpp(1930,54): warning C4267: '초기화 중': 'size_t'에서 'int'(으)로 변환하면서 데이터가 손실될 수 있습니다.
D:\23 자율형 공유폴더\C++_ComputerVision_MachineLearning_Project\sample_opencv_platform\OpenCVAppGUI\OpenCVAppGUI\OpenCVAppGUIDlg.cpp(1938,38): warning C4267: '인수': 'size_t'에서 '_Tp'(으)로 변환하면서 데이터가 손실될 수 있습니다.
          with
          [
              _Tp=int
          ]
D:\23 자율형 공유폴더\C++_ComputerVision_MachineLearning_Project\sample_opencv_platform\OpenCVAppGUI\OpenCVAppGUI\OpenCVAppGUIDlg.cpp(1941,37): warning C4267: '인수': 'size_t'에서 'int'(으)로 변환하면서 데이터가 손실될 수 있습니다.
D:\23 자율형 공유폴더\C++_ComputerVision_MachineLearning_Project\sample_opencv_platform\OpenCVAppGUI\OpenCVAppGUI\OpenCVAppGUIDlg.cpp(1997,41): warning C4267: '인수': 'size_t'에서 '_Tp'(으)로 변환하면서 데이터가 손실될 수 있습니다.
          with
          [
              _Tp=int
          ]
D:\23 자율형 공유폴더\C++_ComputerVision_MachineLearning_Project\sample_opencv_platform\OpenCVAppGUI\OpenCVAppGUI\OpenCVAppGUIDlg.cpp(1998,59): warning C4267: '인수': 'size_t'에서 '_Tp'(으)로 변환하면서 데이터가 손실될 수 있습니다.
          with
          [
              _Tp=int
          ]
D:\23 자율형 공유폴더\C++_ComputerVision_MachineLearning_Project\sample_opencv_platform\OpenCVAppGUI\OpenCVAppGUI\OpenCVAppGUIDlg.cpp(1999,51): warning C4244: '인수': 'double'에서 'int'(으)로 변환하면서 데이터가 손실될 수 있습니다.
  코드를 생성하고 있습니다.
  5 of 1724 functions ( 0.3%) were compiled, the rest were copied from previous compilation.
    0 functions were new in current compilation
    13 functions had inline decision re-evaluated but remain unchanged
  코드를 생성했습니다.
  OpenCVAppGUI.vcxproj -> D:\23 자율형 공유폴더\C++_ComputerVision_MachineLearning_Project\sample_opencv_platform\OpenCVAppGUI\Build\x64\OpenCVAppGUI.exe
